2023-12-12T10:10:48.461+01:00  INFO 13220 --- [restartedMain] f.e.filmotheque.FilmothequeApplication   : Starting FilmothequeApplication using Java 17.0.9 with PID 13220 (C:\Users\buutt\Desktop\CDA\JavaSB\Filmotheque\Filmotheque\build\classes\java\main started by buutt in C:\Users\buutt\Desktop\CDA\JavaSB\Filmotheque\Filmotheque)
2023-12-12T10:10:48.462+01:00 DEBUG 13220 --- [restartedMain] f.e.filmotheque.FilmothequeApplication   : Running with Spring Boot v3.2.0, Spring v6.1.1
2023-12-12T10:10:48.463+01:00  INFO 13220 --- [restartedMain] f.e.filmotheque.FilmothequeApplication   : No active profile set, falling back to 1 default profile: "default"
2023-12-12T10:10:48.497+01:00  INFO 13220 --- [restartedMain] .e.DevToolsPropertyDefaultsPostProcessor : Devtools property defaults active! Set 'spring.devtools.add-properties' to 'false' to disable
2023-12-12T10:10:48.497+01:00  INFO 13220 --- [restartedMain] .e.DevToolsPropertyDefaultsPostProcessor : For additional web related logging consider setting the 'logging.level.web' property to 'DEBUG'
2023-12-12T10:10:49.125+01:00  INFO 13220 --- [restartedMain] .s.d.r.c.RepositoryConfigurationDelegate : Bootstrapping Spring Data JDBC repositories in DEFAULT mode.
2023-12-12T10:10:49.143+01:00  INFO 13220 --- [restartedMain] .s.d.r.c.RepositoryConfigurationDelegate : Finished Spring Data repository scanning in 13 ms. Found 0 JDBC repository interfaces.
2023-12-12T10:10:49.583+01:00  INFO 13220 --- [restartedMain] o.s.b.w.embedded.tomcat.TomcatWebServer  : Tomcat initialized with port 8080 (http)
2023-12-12T10:10:49.591+01:00  INFO 13220 --- [restartedMain] o.apache.catalina.core.StandardService   : Starting service [Tomcat]
2023-12-12T10:10:49.591+01:00  INFO 13220 --- [restartedMain] o.apache.catalina.core.StandardEngine    : Starting Servlet engine: [Apache Tomcat/10.1.16]
2023-12-12T10:10:49.633+01:00  INFO 13220 --- [restartedMain] o.a.c.c.C.[Tomcat].[localhost].[/]       : Initializing Spring embedded WebApplicationContext
2023-12-12T10:10:49.633+01:00  INFO 13220 --- [restartedMain] w.s.c.ServletWebServerApplicationContext : Root WebApplicationContext: initialization completed in 1135 ms
2023-12-12T10:10:50.022+01:00  INFO 13220 --- [restartedMain] com.zaxxer.hikari.HikariDataSource       : HikariPool-1 - Starting...
2023-12-12T10:10:50.252+01:00  INFO 13220 --- [restartedMain] com.zaxxer.hikari.pool.HikariPool        : HikariPool-1 - Added connection ConnectionID:1 ClientConnectionId: e8e27a2c-d0ae-441e-8b57-ea45e99afbd1
2023-12-12T10:10:50.254+01:00  INFO 13220 --- [restartedMain] com.zaxxer.hikari.HikariDataSource       : HikariPool-1 - Start completed.
2023-12-12T10:10:50.286+01:00  WARN 13220 --- [restartedMain] o.s.data.convert.CustomConversions       : Registering converter from class microsoft.sql.DateTimeOffset to class java.time.OffsetDateTime as reading converter although it doesn't convert from a store-supported type; You might want to check your annotation setup at the converter implementation
2023-12-12T10:10:50.341+01:00  INFO 13220 --- [restartedMain] o.s.b.d.a.OptionalLiveReloadServer       : LiveReload server is running on port 35729
2023-12-12T10:10:50.427+01:00  INFO 13220 --- [restartedMain] o.s.b.w.embedded.tomcat.TomcatWebServer  : Tomcat started on port 8080 (http) with context path ''
2023-12-12T10:10:50.433+01:00  INFO 13220 --- [restartedMain] f.e.filmotheque.FilmothequeApplication   : Started FilmothequeApplication in 2.261 seconds (process running for 3.784)
2023-12-12T10:17:53.312+01:00  INFO 13220 --- [File Watcher] rtingClassPathChangeChangedEventListener : Restarting due to 16 class path changes (0 additions, 0 deletions, 16 modifications)
2023-12-12T10:17:53.325+01:00  INFO 13220 --- [Thread-4] com.zaxxer.hikari.HikariDataSource       : HikariPool-1 - Shutdown initiated...
2023-12-12T10:17:53.329+01:00  INFO 13220 --- [Thread-4] com.zaxxer.hikari.HikariDataSource       : HikariPool-1 - Shutdown completed.
